{"meta": {"format": 3, "version": "7.8.0", "timestamp": "2025-05-18T11:21:45.851385", "branch_coverage": false, "show_contexts": false}, "files": {"app\\__init__.py": {"executed_lines": [20, 23, 26, 29, 36, 37, 38, 39, 42, 43, 44, 45, 46, 48, 49, 50, 51, 55, 58, 59, 60, 61, 62, 65, 66, 67, 68, 71, 74, 77, 78, 79, 80, 81, 84, 85, 86, 87, 88, 89, 90, 91, 97, 100, 123, 124, 126, 141, 142, 146, 148, 150], "summary": {"covered_lines": 52, "num_statements": 84, "percent_covered": 61.904761904761905, "percent_covered_display": "62", "missing_lines": 32, "excluded_lines": 0}, "missing_lines": [2, 3, 4, 5, 6, 7, 8, 9, 10, 11, 12, 14, 15, 16, 17, 19, 92, 93, 94, 127, 128, 131, 132, 133, 134, 135, 136, 138, 152, 154, 155, 156], "excluded_lines": [], "functions": {"create_app": {"executed_lines": [20, 23, 26, 29, 36, 37, 38, 39, 42, 43, 48, 49, 58, 59, 60, 61, 62, 65, 66, 67, 68, 71, 74, 77, 78, 79, 80, 81, 84, 85, 86, 87, 88, 89, 90, 91, 97, 100, 123, 124, 150], "summary": {"covered_lines": 41, "num_statements": 44, "percent_covered": 93.18181818181819, "percent_covered_display": "93", "missing_lines": 3, "excluded_lines": 0}, "missing_lines": [92, 93, 94], "excluded_lines": []}, "create_app.log_request_info": {"executed_lines": [44, 45, 46], "summary": {"covered_lines": 3, "num_statements": 3, "percent_covered": 100.0, "percent_covered_display": "100", "missing_lines": 0, "excluded_lines": 0}, "missing_lines": [], "excluded_lines": []}, "create_app.log_response_info": {"executed_lines": [50, 51, 55], "summary": {"covered_lines": 3, "num_statements": 3, "percent_covered": 100.0, "percent_covered_display": "100", "missing_lines": 0, "excluded_lines": 0}, "missing_lines": [], "excluded_lines": []}, "create_app.monitor_requests": {"executed_lines": [], "summary": {"covered_lines": 0, "num_statements": 0, "percent_covered": 100.0, "percent_covered_display": "100", "missing_lines": 0, "excluded_lines": 0}, "missing_lines": [], "excluded_lines": []}, "create_app.metrics": {"executed_lines": [], "summary": {"covered_lines": 0, "num_statements": 0, "percent_covered": 100.0, "percent_covered_display": "100", "missing_lines": 0, "excluded_lines": 0}, "missing_lines": [], "excluded_lines": []}, "create_app.add_header": {"executed_lines": [126, 141, 142, 146, 148], "summary": {"covered_lines": 5, "num_statements": 14, "percent_covered": 35.714285714285715, "percent_covered_display": "36", "missing_lines": 9, "excluded_lines": 0}, "missing_lines": [127, 128, 131, 132, 133, 134, 135, 136, 138], "excluded_lines": []}, "load_user": {"executed_lines": [], "summary": {"covered_lines": 0, "num_statements": 1, "percent_covered": 0.0, "percent_covered_display": "0", "missing_lines": 1, "excluded_lines": 0}, "missing_lines": [156], "excluded_lines": []}, "": {"executed_lines": [], "summary": {"covered_lines": 0, "num_statements": 19, "percent_covered": 0.0, "percent_covered_display": "0", "missing_lines": 19, "excluded_lines": 0}, "missing_lines": [2, 3, 4, 5, 6, 7, 8, 9, 10, 11, 12, 14, 15, 16, 17, 19, 152, 154, 155], "excluded_lines": []}}, "classes": {"": {"executed_lines": [20, 23, 26, 29, 36, 37, 38, 39, 42, 43, 44, 45, 46, 48, 49, 50, 51, 55, 58, 59, 60, 61, 62, 65, 66, 67, 68, 71, 74, 77, 78, 79, 80, 81, 84, 85, 86, 87, 88, 89, 90, 91, 97, 100, 123, 124, 126, 141, 142, 146, 148, 150], "summary": {"covered_lines": 52, "num_statements": 84, "percent_covered": 61.904761904761905, "percent_covered_display": "62", "missing_lines": 32, "excluded_lines": 0}, "missing_lines": [2, 3, 4, 5, 6, 7, 8, 9, 10, 11, 12, 14, 15, 16, 17, 19, 92, 93, 94, 127, 128, 131, 132, 133, 134, 135, 136, 138, 152, 154, 155, 156], "excluded_lines": []}}}, "app\\core\\health_check.py": {"executed_lines": [14, 15, 368, 369, 370, 371, 388], "summary": {"covered_lines": 7, "num_statements": 237, "percent_covered": 2.9535864978902953, "percent_covered_display": "3", "missing_lines": 230, "excluded_lines": 0}, "missing_lines": [2, 3, 4, 5, 6, 7, 8, 10, 13, 17, 19, 30, 32, 34, 42, 44, 46, 47, 48, 49, 52, 53, 54, 57, 58, 61, 63, 64, 67, 68, 71, 72, 73, 74, 75, 76, 77, 78, 80, 81, 82, 83, 85, 87, 89, 90, 91, 94, 95, 98, 106, 112, 116, 118, 119, 120, 121, 123, 125, 126, 127, 128, 129, 130, 131, 132, 133, 134, 135, 137, 139, 140, 141, 142, 143, 144, 145, 147, 149, 150, 151, 152, 153, 154, 155, 156, 158, 160, 161, 162, 163, 164, 165, 167, 169, 170, 171, 172, 173, 174, 175, 176, 177, 178, 180, 182, 183, 184, 185, 187, 188, 189, 192, 193, 194, 197, 198, 200, 201, 202, 203, 205, 207, 213, 215, 217, 218, 219, 220, 222, 225, 232, 233, 234, 238, 239, 244, 246, 247, 249, 251, 253, 254, 255, 256, 262, 263, 264, 265, 266, 267, 269, 271, 272, 273, 274, 275, 276, 277, 278, 279, 280, 281, 282, 283, 284, 285, 286, 287, 288, 289, 290, 291, 292, 294, 295, 296, 297, 298, 300, 303, 304, 305, 309, 312, 313, 315, 317, 318, 319, 320, 321, 322, 324, 326, 327, 329, 331, 332, 333, 334, 339, 340, 341, 342, 343, 344, 346, 348, 349, 350, 351, 352, 356, 357, 358, 360, 362, 363, 364, 366, 373, 374, 375, 377, 379, 380, 382, 383, 384], "excluded_lines": [], "functions": {"EnvironmentChecker.__init__": {"executed_lines": [14, 15], "summary": {"covered_lines": 2, "num_statements": 2, "percent_covered": 100.0, "percent_covered_display": "100", "missing_lines": 0, "excluded_lines": 0}, "missing_lines": [], "excluded_lines": []}, "EnvironmentChecker.check_dev_environment": {"executed_lines": [], "summary": {"covered_lines": 0, "num_statements": 2, "percent_covered": 0.0, "percent_covered_display": "0", "missing_lines": 2, "excluded_lines": 0}, "missing_lines": [19, 30], "excluded_lines": []}, "EnvironmentChecker.check_prod_environment": {"executed_lines": [], "summary": {"covered_lines": 0, "num_statements": 2, "percent_covered": 0.0, "percent_covered_display": "0", "missing_lines": 2, "excluded_lines": 0}, "missing_lines": [34, 42], "excluded_lines": []}, "EnvironmentChecker._check_test_environment": {"executed_lines": [], "summary": {"covered_lines": 0, "num_statements": 26, "percent_covered": 0.0, "percent_covered_display": "0", "missing_lines": 26, "excluded_lines": 0}, "missing_lines": [46, 47, 48, 49, 52, 53, 54, 57, 58, 61, 63, 64, 67, 68, 71, 72, 73, 74, 75, 76, 77, 78, 80, 81, 82, 83], "excluded_lines": []}, "EnvironmentChecker._check_database": {"executed_lines": [], "summary": {"covered_lines": 0, "num_statements": 14, "percent_covered": 0.0, "percent_covered_display": "0", "missing_lines": 14, "excluded_lines": 0}, "missing_lines": [87, 89, 90, 91, 94, 95, 98, 106, 112, 116, 118, 119, 120, 121], "excluded_lines": []}, "EnvironmentChecker._clean_temp_files": {"executed_lines": [], "summary": {"covered_lines": 0, "num_statements": 11, "percent_covered": 0.0, "percent_covered_display": "0", "missing_lines": 11, "excluded_lines": 0}, "missing_lines": [125, 126, 127, 128, 129, 130, 131, 132, 133, 134, 135], "excluded_lines": []}, "EnvironmentChecker._validate_urls": {"executed_lines": [], "summary": {"covered_lines": 0, "num_statements": 7, "percent_covered": 0.0, "percent_covered_display": "0", "missing_lines": 7, "excluded_lines": 0}, "missing_lines": [139, 140, 141, 142, 143, 144, 145], "excluded_lines": []}, "EnvironmentChecker._check_storage": {"executed_lines": [], "summary": {"covered_lines": 0, "num_statements": 8, "percent_covered": 0.0, "percent_covered_display": "0", "missing_lines": 8, "excluded_lines": 0}, "missing_lines": [149, 150, 151, 152, 153, 154, 155, 156], "excluded_lines": []}, "EnvironmentChecker._check_config": {"executed_lines": [], "summary": {"covered_lines": 0, "num_statements": 6, "percent_covered": 0.0, "percent_covered_display": "0", "missing_lines": 6, "excluded_lines": 0}, "missing_lines": [160, 161, 162, 163, 164, 165], "excluded_lines": []}, "EnvironmentChecker._check_dependencies": {"executed_lines": [], "summary": {"covered_lines": 0, "num_statements": 10, "percent_covered": 0.0, "percent_covered_display": "0", "missing_lines": 10, "excluded_lines": 0}, "missing_lines": [169, 170, 171, 172, 173, 174, 175, 176, 177, 178], "excluded_lines": []}, "EnvironmentChecker._check_migrations": {"executed_lines": [], "summary": {"covered_lines": 0, "num_statements": 16, "percent_covered": 0.0, "percent_covered_display": "0", "missing_lines": 16, "excluded_lines": 0}, "missing_lines": [182, 183, 184, 185, 187, 188, 189, 192, 193, 194, 197, 198, 200, 201, 202, 203], "excluded_lines": []}, "EnvironmentChecker._check_security": {"executed_lines": [], "summary": {"covered_lines": 0, "num_statements": 2, "percent_covered": 0.0, "percent_covered_display": "0", "missing_lines": 2, "excluded_lines": 0}, "missing_lines": [207, 213], "excluded_lines": []}, "EnvironmentChecker._check_backups": {"executed_lines": [], "summary": {"covered_lines": 0, "num_statements": 4, "percent_covered": 0.0, "percent_covered_display": "0", "missing_lines": 4, "excluded_lines": 0}, "missing_lines": [217, 218, 219, 220], "excluded_lines": []}, "EnvironmentChecker._check_performance": {"executed_lines": [], "summary": {"covered_lines": 0, "num_statements": 10, "percent_covered": 0.0, "percent_covered_display": "0", "missing_lines": 10, "excluded_lines": 0}, "missing_lines": [225, 232, 233, 234, 238, 239, 244, 246, 247, 249], "excluded_lines": []}, "EnvironmentChecker.save_check_results": {"executed_lines": [], "summary": {"covered_lines": 0, "num_statements": 10, "percent_covered": 0.0, "percent_covered_display": "0", "missing_lines": 10, "excluded_lines": 0}, "missing_lines": [253, 254, 255, 256, 262, 263, 264, 265, 266, 267], "excluded_lines": []}, "EnvironmentChecker.run_auto_repair": {"executed_lines": [], "summary": {"covered_lines": 0, "num_statements": 27, "percent_covered": 0.0, "percent_covered_display": "0", "missing_lines": 27, "excluded_lines": 0}, "missing_lines": [271, 272, 273, 274, 275, 276, 277, 278, 279, 280, 281, 282, 283, 284, 285, 286, 287, 288, 289, 290, 291, 292, 294, 295, 296, 297, 298], "excluded_lines": []}, "EnvironmentChecker._optimize_performance": {"executed_lines": [], "summary": {"covered_lines": 0, "num_statements": 6, "percent_covered": 0.0, "percent_covered_display": "0", "missing_lines": 6, "excluded_lines": 0}, "missing_lines": [303, 304, 305, 309, 312, 313], "excluded_lines": []}, "EnvironmentChecker._repair_missing_config": {"executed_lines": [], "summary": {"covered_lines": 0, "num_statements": 6, "percent_covered": 0.0, "percent_covered_display": "0", "missing_lines": 6, "excluded_lines": 0}, "missing_lines": [317, 318, 319, 320, 321, 322], "excluded_lines": []}, "EnvironmentChecker._install_dependencies": {"executed_lines": [], "summary": {"covered_lines": 0, "num_statements": 2, "percent_covered": 0.0, "percent_covered_display": "0", "missing_lines": 2, "excluded_lines": 0}, "missing_lines": [326, 327], "excluded_lines": []}, "EnvironmentChecker._check_routes": {"executed_lines": [], "summary": {"covered_lines": 0, "num_statements": 10, "percent_covered": 0.0, "percent_covered_display": "0", "missing_lines": 10, "excluded_lines": 0}, "missing_lines": [331, 332, 333, 334, 339, 340, 341, 342, 343, 344], "excluded_lines": []}, "EnvironmentChecker._check_services_health": {"executed_lines": [], "summary": {"covered_lines": 0, "num_statements": 8, "percent_covered": 0.0, "percent_covered_display": "0", "missing_lines": 8, "excluded_lines": 0}, "missing_lines": [348, 349, 350, 351, 352, 356, 357, 358], "excluded_lines": []}, "EnvironmentChecker._apply_migrations": {"executed_lines": [], "summary": {"covered_lines": 0, "num_statements": 3, "percent_covered": 0.0, "percent_covered_display": "0", "missing_lines": 3, "excluded_lines": 0}, "missing_lines": [362, 363, 364], "excluded_lines": []}, "EnvironmentChecker.register_cli_commands": {"executed_lines": [368, 369, 370, 371, 388], "summary": {"covered_lines": 5, "num_statements": 5, "percent_covered": 100.0, "percent_covered_display": "100", "missing_lines": 0, "excluded_lines": 0}, "missing_lines": [], "excluded_lines": []}, "EnvironmentChecker.register_cli_commands.check_env": {"executed_lines": [], "summary": {"covered_lines": 0, "num_statements": 9, "percent_covered": 0.0, "percent_covered_display": "0", "missing_lines": 9, "excluded_lines": 0}, "missing_lines": [373, 374, 375, 377, 379, 380, 382, 383, 384], "excluded_lines": []}, "": {"executed_lines": [], "summary": {"covered_lines": 0, "num_statements": 31, "percent_covered": 0.0, "percent_covered_display": "0", "missing_lines": 31, "excluded_lines": 0}, "missing_lines": [2, 3, 4, 5, 6, 7, 8, 10, 13, 17, 32, 44, 85, 123, 137, 147, 158, 167, 180, 205, 215, 222, 251, 269, 300, 315, 324, 329, 346, 360, 366], "excluded_lines": []}}, "classes": {"EnvironmentChecker": {"executed_lines": [14, 15, 368, 369, 370, 371, 388], "summary": {"covered_lines": 7, "num_statements": 206, "percent_covered": 3.3980582524271843, "percent_covered_display": "3", "missing_lines": 199, "excluded_lines": 0}, "missing_lines": [19, 30, 34, 42, 46, 47, 48, 49, 52, 53, 54, 57, 58, 61, 63, 64, 67, 68, 71, 72, 73, 74, 75, 76, 77, 78, 80, 81, 82, 83, 87, 89, 90, 91, 94, 95, 98, 106, 112, 116, 118, 119, 120, 121, 125, 126, 127, 128, 129, 130, 131, 132, 133, 134, 135, 139, 140, 141, 142, 143, 144, 145, 149, 150, 151, 152, 153, 154, 155, 156, 160, 161, 162, 163, 164, 165, 169, 170, 171, 172, 173, 174, 175, 176, 177, 178, 182, 183, 184, 185, 187, 188, 189, 192, 193, 194, 197, 198, 200, 201, 202, 203, 207, 213, 217, 218, 219, 220, 225, 232, 233, 234, 238, 239, 244, 246, 247, 249, 253, 254, 255, 256, 262, 263, 264, 265, 266, 267, 271, 272, 273, 274, 275, 276, 277, 278, 279, 280, 281, 282, 283, 284, 285, 286, 287, 288, 289, 290, 291, 292, 294, 295, 296, 297, 298, 303, 304, 305, 309, 312, 313, 317, 318, 319, 320, 321, 322, 326, 327, 331, 332, 333, 334, 339, 340, 341, 342, 343, 344, 348, 349, 350, 351, 352, 356, 357, 358, 362, 363, 364, 373, 374, 375, 377, 379, 380, 382, 383, 384], "excluded_lines": []}, "": {"executed_lines": [], "summary": {"covered_lines": 0, "num_statements": 31, "percent_covered": 0.0, "percent_covered_display": "0", "missing_lines": 31, "excluded_lines": 0}, "missing_lines": [2, 3, 4, 5, 6, 7, 8, 10, 13, 17, 32, 44, 85, 123, 137, 147, 158, 167, 180, 205, 215, 222, 251, 269, 300, 315, 324, 329, 346, 360, 366], "excluded_lines": []}}}, "app\\routes\\auth.py": {"executed_lines": [12, 13, 14, 15, 17, 40, 50, 51, 68, 71], "summary": {"covered_lines": 10, "num_statements": 54, "percent_covered": 18.51851851851852, "percent_covered_display": "19", "missing_lines": 44, "excluded_lines": 0}, "missing_lines": [2, 3, 4, 5, 6, 8, 10, 11, 18, 19, 20, 22, 23, 24, 25, 26, 27, 29, 30, 31, 33, 34, 35, 37, 38, 42, 43, 44, 45, 46, 48, 49, 52, 53, 59, 60, 61, 62, 63, 64, 65, 66, 69, 70], "excluded_lines": [], "functions": {"login": {"executed_lines": [12, 13, 14, 15, 17, 40], "summary": {"covered_lines": 6, "num_statements": 23, "percent_covered": 26.08695652173913, "percent_covered_display": "26", "missing_lines": 17, "excluded_lines": 0}, "missing_lines": [18, 19, 20, 22, 23, 24, 25, 26, 27, 29, 30, 31, 33, 34, 35, 37, 38], "excluded_lines": []}, "logout": {"executed_lines": [], "summary": {"covered_lines": 0, "num_statements": 2, "percent_covered": 0.0, "percent_covered_display": "0", "missing_lines": 2, "excluded_lines": 0}, "missing_lines": [45, 46], "excluded_lines": []}, "register": {"executed_lines": [50, 51, 68, 71], "summary": {"covered_lines": 4, "num_statements": 16, "percent_covered": 25.0, "percent_covered_display": "25", "missing_lines": 12, "excluded_lines": 0}, "missing_lines": [52, 53, 59, 60, 61, 62, 63, 64, 65, 66, 69, 70], "excluded_lines": []}, "": {"executed_lines": [], "summary": {"covered_lines": 0, "num_statements": 13, "percent_covered": 0.0, "percent_covered_display": "0", "missing_lines": 13, "excluded_lines": 0}, "missing_lines": [2, 3, 4, 5, 6, 8, 10, 11, 42, 43, 44, 48, 49], "excluded_lines": []}}, "classes": {"": {"executed_lines": [12, 13, 14, 15, 17, 40, 50, 51, 68, 71], "summary": {"covered_lines": 10, "num_statements": 54, "percent_covered": 18.51851851851852, "percent_covered_display": "19", "missing_lines": 44, "excluded_lines": 0}, "missing_lines": [2, 3, 4, 5, 6, 8, 10, 11, 18, 19, 20, 22, 23, 24, 25, 26, 27, 29, 30, 31, 33, 34, 35, 37, 38, 42, 43, 44, 45, 46, 48, 49, 52, 53, 59, 60, 61, 62, 63, 64, 65, 66, 69, 70], "excluded_lines": []}}}, "app\\routes\\main.py": {"executed_lines": [10, 24, 29, 30, 31, 32], "summary": {"covered_lines": 6, "num_statements": 21, "percent_covered": 28.571428571428573, "percent_covered_display": "29", "missing_lines": 15, "excluded_lines": 0}, "missing_lines": [2, 3, 4, 6, 8, 9, 12, 13, 14, 15, 16, 21, 22, 26, 27], "excluded_lines": [], "functions": {"home": {"executed_lines": [10], "summary": {"covered_lines": 1, "num_statements": 1, "percent_covered": 100.0, "percent_covered_display": "100", "missing_lines": 0, "excluded_lines": 0}, "missing_lines": [], "excluded_lines": []}, "search": {"executed_lines": [], "summary": {"covered_lines": 0, "num_statements": 2, "percent_covered": 0.0, "percent_covered_display": "0", "missing_lines": 2, "excluded_lines": 0}, "missing_lines": [15, 16], "excluded_lines": []}, "ping": {"executed_lines": [24], "summary": {"covered_lines": 1, "num_statements": 1, "percent_covered": 100.0, "percent_covered_display": "100", "missing_lines": 0, "excluded_lines": 0}, "missing_lines": [], "excluded_lines": []}, "test_pagination": {"executed_lines": [29, 30, 31, 32], "summary": {"covered_lines": 4, "num_statements": 4, "percent_covered": 100.0, "percent_covered_display": "100", "missing_lines": 0, "excluded_lines": 0}, "missing_lines": [], "excluded_lines": []}, "": {"executed_lines": [], "summary": {"covered_lines": 0, "num_statements": 13, "percent_covered": 0.0, "percent_covered_display": "0", "missing_lines": 13, "excluded_lines": 0}, "missing_lines": [2, 3, 4, 6, 8, 9, 12, 13, 14, 21, 22, 26, 27], "excluded_lines": []}}, "classes": {"": {"executed_lines": [10, 24, 29, 30, 31, 32], "summary": {"covered_lines": 6, "num_statements": 21, "percent_covered": 28.571428571428573, "percent_covered_display": "29", "missing_lines": 15, "excluded_lines": 0}, "missing_lines": [2, 3, 4, 6, 8, 9, 12, 13, 14, 15, 16, 21, 22, 26, 27], "excluded_lines": []}}}, "app\\services\\base_service.py": {"executed_lines": [10], "summary": {"covered_lines": 1, "num_statements": 43, "percent_covered": 2.3255813953488373, "percent_covered_display": "2", "missing_lines": 42, "excluded_lines": 0}, "missing_lines": [2, 3, 5, 7, 9, 12, 13, 15, 17, 18, 20, 22, 23, 25, 26, 27, 28, 30, 31, 33, 34, 35, 37, 38, 40, 41, 43, 44, 46, 47, 48, 50, 51, 52, 54, 55, 66, 67, 68, 69, 70, 71], "excluded_lines": [], "functions": {"BaseService.__init__": {"executed_lines": [10], "summary": {"covered_lines": 1, "num_statements": 1, "percent_covered": 100.0, "percent_covered_display": "100", "missing_lines": 0, "excluded_lines": 0}, "missing_lines": [], "excluded_lines": []}, "BaseService.get": {"executed_lines": [], "summary": {"covered_lines": 0, "num_statements": 1, "percent_covered": 0.0, "percent_covered_display": "0", "missing_lines": 1, "excluded_lines": 0}, "missing_lines": [15], "excluded_lines": []}, "BaseService.get_all": {"executed_lines": [], "summary": {"covered_lines": 0, "num_statements": 1, "percent_covered": 0.0, "percent_covered_display": "0", "missing_lines": 1, "excluded_lines": 0}, "missing_lines": [20], "excluded_lines": []}, "BaseService.create": {"executed_lines": [], "summary": {"covered_lines": 0, "num_statements": 4, "percent_covered": 0.0, "percent_covered_display": "0", "missing_lines": 4, "excluded_lines": 0}, "missing_lines": [25, 26, 27, 28], "excluded_lines": []}, "BaseService.update": {"executed_lines": [], "summary": {"covered_lines": 0, "num_statements": 7, "percent_covered": 0.0, "percent_covered_display": "0", "missing_lines": 7, "excluded_lines": 0}, "missing_lines": [33, 34, 35, 37, 38, 40, 41], "excluded_lines": []}, "BaseService.delete": {"executed_lines": [], "summary": {"covered_lines": 0, "num_statements": 6, "percent_covered": 0.0, "percent_covered_display": "0", "missing_lines": 6, "excluded_lines": 0}, "missing_lines": [46, 47, 48, 50, 51, 52], "excluded_lines": []}, "BaseService.get_paginated": {"executed_lines": [], "summary": {"covered_lines": 0, "num_statements": 6, "percent_covered": 0.0, "percent_covered_display": "0", "missing_lines": 6, "excluded_lines": 0}, "missing_lines": [66, 67, 68, 69, 70, 71], "excluded_lines": []}, "": {"executed_lines": [], "summary": {"covered_lines": 0, "num_statements": 17, "percent_covered": 0.0, "percent_covered_display": "0", "missing_lines": 17, "excluded_lines": 0}, "missing_lines": [2, 3, 5, 7, 9, 12, 13, 17, 18, 22, 23, 30, 31, 43, 44, 54, 55], "excluded_lines": []}}, "classes": {"BaseService": {"executed_lines": [10], "summary": {"covered_lines": 1, "num_statements": 26, "percent_covered": 3.8461538461538463, "percent_covered_display": "4", "missing_lines": 25, "excluded_lines": 0}, "missing_lines": [15, 20, 25, 26, 27, 28, 33, 34, 35, 37, 38, 40, 41, 46, 47, 48, 50, 51, 52, 66, 67, 68, 69, 70, 71], "excluded_lines": []}, "": {"executed_lines": [], "summary": {"covered_lines": 0, "num_statements": 17, "percent_covered": 0.0, "percent_covered_display": "0", "missing_lines": 17, "excluded_lines": 0}, "missing_lines": [2, 3, 5, 7, 9, 12, 13, 17, 18, 22, 23, 30, 31, 43, 44, 54, 55], "excluded_lines": []}}}, "app\\services\\cat_service.py": {"executed_lines": [15, 42, 43, 46], "summary": {"covered_lines": 4, "num_statements": 166, "percent_covered": 2.4096385542168677, "percent_covered_display": "2", "missing_lines": 162, "excluded_lines": 0}, "missing_lines": [2, 3, 4, 5, 6, 7, 8, 9, 10, 12, 14, 17, 19, 20, 22, 24, 25, 27, 29, 30, 32, 34, 35, 37, 39, 40, 44, 45, 48, 49, 51, 53, 54, 56, 57, 59, 64, 67, 68, 70, 72, 73, 75, 76, 77, 79, 80, 81, 84, 86, 87, 89, 95, 97, 99, 100, 108, 109, 110, 111, 114, 117, 118, 119, 120, 123, 125, 126, 127, 128, 129, 132, 133, 134, 136, 137, 138, 141, 142, 144, 150, 151, 153, 154, 155, 156, 158, 159, 161, 162, 163, 164, 165, 168, 169, 170, 171, 172, 173, 174, 177, 178, 179, 180, 182, 183, 184, 185, 187, 188, 190, 191, 193, 194, 196, 198, 199, 201, 203, 204, 218, 221, 222, 230, 231, 234, 235, 236, 237, 240, 241, 243, 245, 246, 248, 250, 251, 253, 255, 256, 258, 259, 260, 262, 263, 264, 266, 267, 268, 269, 271, 272, 273, 274, 275, 276, 278, 280, 281, 283, 284, 285], "excluded_lines": [], "functions": {"CatService.__init__": {"executed_lines": [15], "summary": {"covered_lines": 1, "num_statements": 1, "percent_covered": 100.0, "percent_covered_display": "100", "missing_lines": 0, "excluded_lines": 0}, "missing_lines": [], "excluded_lines": []}, "CatService.get": {"executed_lines": [], "summary": {"covered_lines": 0, "num_statements": 1, "percent_covered": 0.0, "percent_covered_display": "0", "missing_lines": 1, "excluded_lines": 0}, "missing_lines": [22], "excluded_lines": []}, "CatService.get_all": {"executed_lines": [], "summary": {"covered_lines": 0, "num_statements": 1, "percent_covered": 0.0, "percent_covered_display": "0", "missing_lines": 1, "excluded_lines": 0}, "missing_lines": [27], "excluded_lines": []}, "CatService.get_cat": {"executed_lines": [], "summary": {"covered_lines": 0, "num_statements": 1, "percent_covered": 0.0, "percent_covered_display": "0", "missing_lines": 1, "excluded_lines": 0}, "missing_lines": [32], "excluded_lines": []}, "CatService.get_all_cats": {"executed_lines": [], "summary": {"covered_lines": 0, "num_statements": 1, "percent_covered": 0.0, "percent_covered_display": "0", "missing_lines": 1, "excluded_lines": 0}, "missing_lines": [37], "excluded_lines": []}, "CatService.get_paginated_cats": {"executed_lines": [42, 43, 46], "summary": {"covered_lines": 3, "num_statements": 5, "percent_covered": 60.0, "percent_covered_display": "60", "missing_lines": 2, "excluded_lines": 0}, "missing_lines": [44, 45], "excluded_lines": []}, "CatService.get_recent_cats": {"executed_lines": [], "summary": {"covered_lines": 0, "num_statements": 1, "percent_covered": 0.0, "percent_covered_display": "0", "missing_lines": 1, "excluded_lines": 0}, "missing_lines": [51], "excluded_lines": []}, "CatService.create": {"executed_lines": [], "summary": {"covered_lines": 0, "num_statements": 7, "percent_covered": 0.0, "percent_covered_display": "0", "missing_lines": 7, "excluded_lines": 0}, "missing_lines": [56, 57, 59, 64, 67, 68, 70], "excluded_lines": []}, "CatService._handle_images": {"executed_lines": [], "summary": {"covered_lines": 0, "num_statements": 12, "percent_covered": 0.0, "percent_covered_display": "0", "missing_lines": 12, "excluded_lines": 0}, "missing_lines": [75, 76, 77, 79, 80, 81, 84, 86, 87, 89, 95, 97], "excluded_lines": []}, "CatService.update": {"executed_lines": [], "summary": {"covered_lines": 0, "num_statements": 30, "percent_covered": 0.0, "percent_covered_display": "0", "missing_lines": 30, "excluded_lines": 0}, "missing_lines": [108, 109, 110, 111, 114, 117, 118, 119, 120, 123, 125, 126, 127, 128, 129, 132, 133, 134, 136, 137, 138, 141, 142, 144, 150, 151, 153, 154, 155, 156], "excluded_lines": []}, "CatService.delete": {"executed_lines": [], "summary": {"covered_lines": 0, "num_statements": 20, "percent_covered": 0.0, "percent_covered_display": "0", "missing_lines": 20, "excluded_lines": 0}, "missing_lines": [161, 162, 163, 164, 165, 168, 169, 170, 171, 172, 173, 174, 177, 178, 179, 180, 182, 183, 184, 185], "excluded_lines": []}, "CatService.create_cat": {"executed_lines": [], "summary": {"covered_lines": 0, "num_statements": 2, "percent_covered": 0.0, "percent_covered_display": "0", "missing_lines": 2, "excluded_lines": 0}, "missing_lines": [190, 191], "excluded_lines": []}, "CatService.update_cat": {"executed_lines": [], "summary": {"covered_lines": 0, "num_statements": 1, "percent_covered": 0.0, "percent_covered_display": "0", "missing_lines": 1, "excluded_lines": 0}, "missing_lines": [196], "excluded_lines": []}, "CatService.delete_cat": {"executed_lines": [], "summary": {"covered_lines": 0, "num_statements": 1, "percent_covered": 0.0, "percent_covered_display": "0", "missing_lines": 1, "excluded_lines": 0}, "missing_lines": [201], "excluded_lines": []}, "CatService.search_cats": {"executed_lines": [], "summary": {"covered_lines": 0, "num_statements": 12, "percent_covered": 0.0, "percent_covered_display": "0", "missing_lines": 12, "excluded_lines": 0}, "missing_lines": [218, 221, 222, 230, 231, 234, 235, 236, 237, 240, 241, 243], "excluded_lines": []}, "CatService.get_cats_by_breed": {"executed_lines": [], "summary": {"covered_lines": 0, "num_statements": 1, "percent_covered": 0.0, "percent_covered_display": "0", "missing_lines": 1, "excluded_lines": 0}, "missing_lines": [248], "excluded_lines": []}, "CatService.get_adoptable_cats": {"executed_lines": [], "summary": {"covered_lines": 0, "num_statements": 1, "percent_covered": 0.0, "percent_covered_display": "0", "missing_lines": 1, "excluded_lines": 0}, "missing_lines": [253], "excluded_lines": []}, "CatService.validate_image_urls": {"executed_lines": [], "summary": {"covered_lines": 0, "num_statements": 22, "percent_covered": 0.0, "percent_covered_display": "0", "missing_lines": 22, "excluded_lines": 0}, "missing_lines": [258, 259, 260, 262, 263, 264, 266, 267, 268, 269, 271, 272, 273, 274, 275, 276, 278, 280, 281, 283, 284, 285], "excluded_lines": []}, "": {"executed_lines": [], "summary": {"covered_lines": 0, "num_statements": 46, "percent_covered": 0.0, "percent_covered_display": "0", "missing_lines": 46, "excluded_lines": 0}, "missing_lines": [2, 3, 4, 5, 6, 7, 8, 9, 10, 12, 14, 17, 19, 20, 24, 25, 29, 30, 34, 35, 39, 40, 48, 49, 53, 54, 72, 73, 99, 100, 158, 159, 187, 188, 193, 194, 198, 199, 203, 204, 245, 246, 250, 251, 255, 256], "excluded_lines": []}}, "classes": {"CatService": {"executed_lines": [15, 42, 43, 46], "summary": {"covered_lines": 4, "num_statements": 120, "percent_covered": 3.3333333333333335, "percent_covered_display": "3", "missing_lines": 116, "excluded_lines": 0}, "missing_lines": [22, 27, 32, 37, 44, 45, 51, 56, 57, 59, 64, 67, 68, 70, 75, 76, 77, 79, 80, 81, 84, 86, 87, 89, 95, 97, 108, 109, 110, 111, 114, 117, 118, 119, 120, 123, 125, 126, 127, 128, 129, 132, 133, 134, 136, 137, 138, 141, 142, 144, 150, 151, 153, 154, 155, 156, 161, 162, 163, 164, 165, 168, 169, 170, 171, 172, 173, 174, 177, 178, 179, 180, 182, 183, 184, 185, 190, 191, 196, 201, 218, 221, 222, 230, 231, 234, 235, 236, 237, 240, 241, 243, 248, 253, 258, 259, 260, 262, 263, 264, 266, 267, 268, 269, 271, 272, 273, 274, 275, 276, 278, 280, 281, 283, 284, 285], "excluded_lines": []}, "": {"executed_lines": [], "summary": {"covered_lines": 0, "num_statements": 46, "percent_covered": 0.0, "percent_covered_display": "0", "missing_lines": 46, "excluded_lines": 0}, "missing_lines": [2, 3, 4, 5, 6, 7, 8, 9, 10, 12, 14, 17, 19, 20, 24, 25, 29, 30, 34, 35, 39, 40, 48, 49, 53, 54, 72, 73, 99, 100, 158, 159, 187, 188, 193, 194, 198, 199, 203, 204, 245, 246, 250, 251, 255, 256], "excluded_lines": []}}}, "app\\services\\user_service.py": {"executed_lines": [10], "summary": {"covered_lines": 1, "num_statements": 66, "percent_covered": 1.5151515151515151, "percent_covered_display": "2", "missing_lines": 65, "excluded_lines": 0}, "missing_lines": [2, 3, 4, 5, 7, 9, 12, 14, 15, 17, 19, 20, 22, 24, 25, 27, 29, 30, 32, 34, 35, 45, 47, 48, 50, 52, 53, 60, 61, 63, 64, 65, 66, 67, 69, 70, 72, 73, 75, 76, 77, 79, 80, 81, 82, 84, 85, 87, 88, 90, 91, 92, 94, 95, 96, 98, 99, 101, 102, 103, 105, 106, 108, 109, 110], "excluded_lines": [], "functions": {"UserService.__init__": {"executed_lines": [10], "summary": {"covered_lines": 1, "num_statements": 1, "percent_covered": 100.0, "percent_covered_display": "100", "missing_lines": 0, "excluded_lines": 0}, "missing_lines": [], "excluded_lines": []}, "UserService.get_user": {"executed_lines": [], "summary": {"covered_lines": 0, "num_statements": 1, "percent_covered": 0.0, "percent_covered_display": "0", "missing_lines": 1, "excluded_lines": 0}, "missing_lines": [17], "excluded_lines": []}, "UserService.get_user_by_username": {"executed_lines": [], "summary": {"covered_lines": 0, "num_statements": 1, "percent_covered": 0.0, "percent_covered_display": "0", "missing_lines": 1, "excluded_lines": 0}, "missing_lines": [22], "excluded_lines": []}, "UserService.get_pending_users": {"executed_lines": [], "summary": {"covered_lines": 0, "num_statements": 1, "percent_covered": 0.0, "percent_covered_display": "0", "missing_lines": 1, "excluded_lines": 0}, "missing_lines": [27], "excluded_lines": []}, "UserService.get_all_users": {"executed_lines": [], "summary": {"covered_lines": 0, "num_statements": 1, "percent_covered": 0.0, "percent_covered_display": "0", "missing_lines": 1, "excluded_lines": 0}, "missing_lines": [32], "excluded_lines": []}, "UserService.get_paginated_users": {"executed_lines": [], "summary": {"covered_lines": 0, "num_statements": 4, "percent_covered": 0.0, "percent_covered_display": "0", "missing_lines": 4, "excluded_lines": 0}, "missing_lines": [45, 47, 48, 50], "excluded_lines": []}, "UserService.create_user": {"executed_lines": [], "summary": {"covered_lines": 0, "num_statements": 7, "percent_covered": 0.0, "percent_covered_display": "0", "missing_lines": 7, "excluded_lines": 0}, "missing_lines": [60, 61, 63, 64, 65, 66, 67], "excluded_lines": []}, "UserService.approve_user": {"executed_lines": [], "summary": {"covered_lines": 0, "num_statements": 9, "percent_covered": 0.0, "percent_covered_display": "0", "missing_lines": 9, "excluded_lines": 0}, "missing_lines": [72, 73, 75, 76, 77, 79, 80, 81, 82], "excluded_lines": []}, "UserService.reject_user": {"executed_lines": [], "summary": {"covered_lines": 0, "num_statements": 8, "percent_covered": 0.0, "percent_covered_display": "0", "missing_lines": 8, "excluded_lines": 0}, "missing_lines": [87, 88, 90, 91, 92, 94, 95, 96], "excluded_lines": []}, "UserService.update_user_role": {"executed_lines": [], "summary": {"covered_lines": 0, "num_statements": 3, "percent_covered": 0.0, "percent_covered_display": "0", "missing_lines": 3, "excluded_lines": 0}, "missing_lines": [101, 102, 103], "excluded_lines": []}, "UserService.delete_user": {"executed_lines": [], "summary": {"covered_lines": 0, "num_statements": 3, "percent_covered": 0.0, "percent_covered_display": "0", "missing_lines": 3, "excluded_lines": 0}, "missing_lines": [108, 109, 110], "excluded_lines": []}, "": {"executed_lines": [], "summary": {"covered_lines": 0, "num_statements": 27, "percent_covered": 0.0, "percent_covered_display": "0", "missing_lines": 27, "excluded_lines": 0}, "missing_lines": [2, 3, 4, 5, 7, 9, 12, 14, 15, 19, 20, 24, 25, 29, 30, 34, 35, 52, 53, 69, 70, 84, 85, 98, 99, 105, 106], "excluded_lines": []}}, "classes": {"UserService": {"executed_lines": [10], "summary": {"covered_lines": 1, "num_statements": 39, "percent_covered": 2.5641025641025643, "percent_covered_display": "3", "missing_lines": 38, "excluded_lines": 0}, "missing_lines": [17, 22, 27, 32, 45, 47, 48, 50, 60, 61, 63, 64, 65, 66, 67, 72, 73, 75, 76, 77, 79, 80, 81, 82, 87, 88, 90, 91, 92, 94, 95, 96, 101, 102, 103, 108, 109, 110], "excluded_lines": []}, "": {"executed_lines": [], "summary": {"covered_lines": 0, "num_statements": 27, "percent_covered": 0.0, "percent_covered_display": "0", "missing_lines": 27, "excluded_lines": 0}, "missing_lines": [2, 3, 4, 5, 7, 9, 12, 14, 15, 19, 20, 24, 25, 29, 30, 34, 35, 52, 53, 69, 70, 84, 85, 98, 99, 105, 106], "excluded_lines": []}}}, "tests\\__init__.py": {"executed_lines": [0], "summary": {"covered_lines": 0, "num_statements": 0, "percent_covered": 100.0, "percent_covered_display": "100", "missing_lines": 0, "excluded_lines": 0}, "missing_lines": [], "excluded_lines": [], "functions": {"": {"executed_lines": [], "summary": {"covered_lines": 0, "num_statements": 0, "percent_covered": 100.0, "percent_covered_display": "100", "missing_lines": 0, "excluded_lines": 0}, "missing_lines": [], "excluded_lines": []}}, "classes": {"": {"executed_lines": [], "summary": {"covered_lines": 0, "num_statements": 0, "percent_covered": 100.0, "percent_covered_display": "100", "missing_lines": 0, "excluded_lines": 0}, "missing_lines": [], "excluded_lines": []}}}, "tests\\test_routes.py": {"executed_lines": [2, 3, 4, 5, 6, 9, 11, 12, 13, 14, 16, 17, 18, 20, 21, 22, 23, 25, 26, 27, 29, 30, 33, 34, 36, 38, 39, 40, 41, 42, 43, 44, 45, 46, 47, 48, 51, 52, 53, 55, 57, 58, 65, 66, 67, 68, 69, 71, 72, 85, 87, 89, 90, 96, 97, 98, 99, 100, 102, 103, 116, 118, 120, 121, 127, 128, 129, 130, 131, 133, 134, 147], "summary": {"covered_lines": 72, "num_statements": 79, "percent_covered": 91.13924050632912, "percent_covered_display": "91", "missing_lines": 7, "excluded_lines": 0}, "missing_lines": [31, 77, 83, 108, 114, 139, 145], "excluded_lines": [], "functions": {"TestReporter.start_test": {"executed_lines": [14], "summary": {"covered_lines": 1, "num_statements": 1, "percent_covered": 100.0, "percent_covered_display": "100", "missing_lines": 0, "excluded_lines": 0}, "missing_lines": [], "excluded_lines": []}, "TestReporter.end_test": {"executed_lines": [18], "summary": {"covered_lines": 1, "num_statements": 1, "percent_covered": 100.0, "percent_covered_display": "100", "missing_lines": 0, "excluded_lines": 0}, "missing_lines": [], "excluded_lines": []}, "TestReporter.test_step": {"executed_lines": [22, 23], "summary": {"covered_lines": 2, "num_statements": 2, "percent_covered": 100.0, "percent_covered_display": "100", "missing_lines": 0, "excluded_lines": 0}, "missing_lines": [], "excluded_lines": []}, "TestReporter.success": {"executed_lines": [27], "summary": {"covered_lines": 1, "num_statements": 1, "percent_covered": 100.0, "percent_covered_display": "100", "missing_lines": 0, "excluded_lines": 0}, "missing_lines": [], "excluded_lines": []}, "TestReporter.failure": {"executed_lines": [], "summary": {"covered_lines": 0, "num_statements": 1, "percent_covered": 0.0, "percent_covered_display": "0", "missing_lines": 1, "excluded_lines": 0}, "missing_lines": [31], "excluded_lines": []}, "description": {"executed_lines": [36], "summary": {"covered_lines": 1, "num_statements": 1, "percent_covered": 100.0, "percent_covered_display": "100", "missing_lines": 0, "excluded_lines": 0}, "missing_lines": [], "excluded_lines": []}, "app": {"executed_lines": [40, 41, 42, 43, 44, 45, 46, 47, 48], "summary": {"covered_lines": 9, "num_statements": 9, "percent_covered": 100.0, "percent_covered_display": "100", "missing_lines": 0, "excluded_lines": 0}, "missing_lines": [], "excluded_lines": []}, "client": {"executed_lines": [53], "summary": {"covered_lines": 1, "num_statements": 1, "percent_covered": 100.0, "percent_covered_display": "100", "missing_lines": 0, "excluded_lines": 0}, "missing_lines": [], "excluded_lines": []}, "test_main_routes": {"executed_lines": [57, 58, 65, 66, 67, 68, 69, 71, 72, 85], "summary": {"covered_lines": 10, "num_statements": 12, "percent_covered": 83.33333333333333, "percent_covered_display": "83", "missing_lines": 2, "excluded_lines": 0}, "missing_lines": [77, 83], "excluded_lines": []}, "test_cat_routes": {"executed_lines": [89, 90, 96, 97, 98, 99, 100, 102, 103, 116], "summary": {"covered_lines": 10, "num_statements": 12, "percent_covered": 83.33333333333333, "percent_covered_display": "83", "missing_lines": 2, "excluded_lines": 0}, "missing_lines": [108, 114], "excluded_lines": []}, "test_auth_routes": {"executed_lines": [120, 121, 127, 128, 129, 130, 131, 133, 134, 147], "summary": {"covered_lines": 10, "num_statements": 12, "percent_covered": 83.33333333333333, "percent_covered_display": "83", "missing_lines": 2, "excluded_lines": 0}, "missing_lines": [139, 145], "excluded_lines": []}, "": {"executed_lines": [2, 3, 4, 5, 6, 9, 11, 12, 13, 16, 17, 20, 21, 25, 26, 29, 30, 33, 34, 38, 39, 51, 52, 55, 87, 118], "summary": {"covered_lines": 26, "num_statements": 26, "percent_covered": 100.0, "percent_covered_display": "100", "missing_lines": 0, "excluded_lines": 0}, "missing_lines": [], "excluded_lines": []}}, "classes": {"TestReporter": {"executed_lines": [14, 18, 22, 23, 27], "summary": {"covered_lines": 5, "num_statements": 6, "percent_covered": 83.33333333333333, "percent_covered_display": "83", "missing_lines": 1, "excluded_lines": 0}, "missing_lines": [31], "excluded_lines": []}, "": {"executed_lines": [2, 3, 4, 5, 6, 9, 11, 12, 13, 16, 17, 20, 21, 25, 26, 29, 30, 33, 34, 36, 38, 39, 40, 41, 42, 43, 44, 45, 46, 47, 48, 51, 52, 53, 55, 57, 58, 65, 66, 67, 68, 69, 71, 72, 85, 87, 89, 90, 96, 97, 98, 99, 100, 102, 103, 116, 118, 120, 121, 127, 128, 129, 130, 131, 133, 134, 147], "summary": {"covered_lines": 67, "num_statements": 73, "percent_covered": 91.78082191780823, "percent_covered_display": "92", "missing_lines": 6, "excluded_lines": 0}, "missing_lines": [77, 83, 108, 114, 139, 145], "excluded_lines": []}}}}, "totals": {"covered_lines": 153, "num_statements": 750, "percent_covered": 20.4, "percent_covered_display": "20", "missing_lines": 597, "excluded_lines": 0}}